[13:47:40] [main/INFO]: Setting user: Player781
[13:47:41] [Client thread/INFO]: LWJGL Version: 2.9.0
[13:47:44] [Client thread/INFO]: Reloading ResourceManager: Default, FMLFileResourcePack:Forge Mod Loader, FMLFileResourcePack:Minecraft Forge, FMLFileResourcePack:Example Mod
[13:47:45] [Sound Library Loader/INFO]: Sound engine started
[13:47:46] [Client thread/INFO]: Created: 512x256 textures/blocks-atlas
[13:47:46] [Client thread/INFO]: Created: 256x256 textures/items-atlas
[13:47:46] [Client thread/INFO]: Reloading ResourceManager: Default, FMLFileResourcePack:Forge Mod Loader, FMLFileResourcePack:Minecraft Forge, FMLFileResourcePack:Example Mod
[13:47:46] [Client thread/INFO]: Created: 256x256 textures/items-atlas
[13:47:46] [Client thread/INFO]: Created: 512x256 textures/blocks-atlas
[13:47:47] [Sound Library Loader/INFO]: Sound engine started
[13:47:49] [MCO Availability Checker #1/ERROR]: Couldn't connect to Realms
[13:49:35] [Server thread/INFO]: Starting integrated minecraft server version 1.7.2
[13:49:35] [Server thread/INFO]: Generating keypair
[13:49:35] [Server thread/INFO]: Converting map!
[13:49:35] [Server thread/INFO]: Scanning folders...
[13:49:35] [Server thread/INFO]: Total conversion count is 0
[13:49:36] [Server thread/INFO]: Preparing start region for level 0
[13:49:37] [Server thread/INFO]: Preparing spawn area: 7%
[13:49:38] [Server thread/INFO]: Preparing spawn area: 14%
[13:49:39] [Server thread/INFO]: Preparing spawn area: 23%
[13:49:40] [Server thread/INFO]: Preparing spawn area: 33%
[13:49:41] [Server thread/INFO]: Preparing spawn area: 44%
[13:49:42] [Server thread/INFO]: Preparing spawn area: 55%
[13:49:43] [Server thread/INFO]: Preparing spawn area: 64%
[13:49:44] [Server thread/INFO]: Preparing spawn area: 75%
[13:49:45] [Server thread/INFO]: Preparing spawn area: 88%
[13:49:46] [Server thread/INFO]: Player781[local:E:ae2b847d] logged in with entity id 174 at (-139.5, 69.0, 291.5)
[13:49:46] [Server thread/INFO]: Player781 joined the game
[13:50:38] [Server thread/INFO]: Saving and pausing game...
[13:50:38] [Server thread/INFO]: Saving chunks for level 'estelle'/Overworld
[13:50:38] [Server thread/INFO]: Saving chunks for level 'estelle'/Nether
[13:50:38] [Server thread/INFO]: Saving chunks for level 'estelle'/The End
[13:50:40] [Server thread/INFO]: Stopping server
[13:50:40] [Server thread/INFO]: Saving players
[13:50:40] [Server thread/INFO]: Saving worlds
[13:50:40] [Server thread/INFO]: Saving chunks for level 'estelle'/Overworld
[13:50:40] [Server thread/INFO]: Saving chunks for level 'estelle'/Nether
[13:50:40] [Server thread/INFO]: Saving chunks for level 'estelle'/The End
[13:50:42] [Client thread/INFO]: Stopping!
